=> Booting Puma
=> Rails 8.0.2 application starting in development 
=> Run `bin/rails server --help` for more startup options
Puma starting in single mode...
* Puma version: 6.6.0 ("Return to Forever")
* Ruby version: ruby 3.3.0 (2023-12-25 revision 5124f9ac75) +YJIT [arm64-darwin24]
*  Min threads: 3
*  Max threads: 3
*  Environment: development
*          PID: 34082
* Listening on http://127.0.0.1:3000
* Listening on http://[::1]:3000
Use Ctrl-C to stop
Started HEAD "/" for ::1 at 2025-07-22 00:37:48 +0900
  [1m[36mActiveRecord::SchemaMigration Load (0.3ms)[0m  [1m[34mSELECT "schema_migrations"."version" FROM "schema_migrations" ORDER BY "schema_migrations"."version" ASC /*application='A'*/[0m
Processing by HomeController#index as */*
  Rendering layout layouts/application.html.erb
  Rendering home/index.html.erb within layouts/application
  [1m[36mCar Load (0.2ms)[0m  [1m[34mSELECT "cars".* FROM "cars" ORDER BY "cars"."created_at" DESC LIMIT 6 /*action='index',application='A',controller='home'*/[0m
  ↳ app/views/home/index.html.erb:411:in `each_with_index'
  Rendered home/index.html.erb within layouts/application (Duration: 25.1ms | GC: 0.0ms)
  Rendered layout layouts/application.html.erb (Duration: 37.8ms | GC: 0.0ms)
Completed 200 OK in 101ms (Views: 38.6ms | ActiveRecord: 1.4ms (1 query, 0 cached) | GC: 0.0ms)


- Gracefully stopping, waiting for requests to finish
Exiting
